<?xml version="1.0" encoding="UTF-8"?>
<!-- Generated by org.testng.reporters.JUnitXMLReporter -->
<testsuite hostname="HMECL003738" ignored="0" name="Default test" tests="6" failures="0" timestamp="26 Aug 2022 12:59:08 GMT" time="7.959" errors="0">
  <testcase name="test1" time="0.97" classname="testCases.TechnicalAssessment"/>
  <testcase name="test2" time="0.412" classname="testCases.TechnicalAssessment"/>
  <testcase name="test3" time="0.446" classname="testCases.TechnicalAssessment"/>
  <testcase name="test4" time="0.264" classname="testCases.TechnicalAssessment"/>
  <testcase name="test5" time="5.242" classname="testCases.TechnicalAssessment"/>
  <testcase name="test6" time="0.551" classname="testCases.TechnicalAssessment"/>
</testsuite> <!-- Default test -->
