<?xml version="1.0" encoding="UTF-8"?>
<!-- Generated by org.testng.reporters.JUnitXMLReporter -->
<testsuite hostname="HMECL003738" ignored="0" name="TechnicalAssessmentTest" tests="6" failures="0" timestamp="26 Aug 2022 09:47:20 GMT" time="7.009" errors="0">
  <testcase name="test1" time="0.344" classname="testCases.TechnicalAssessment"/>
  <testcase name="test2" time="0.17" classname="testCases.TechnicalAssessment"/>
  <testcase name="test3" time="0.167" classname="testCases.TechnicalAssessment"/>
  <testcase name="test4" time="0.083" classname="testCases.TechnicalAssessment"/>
  <testcase name="test5" time="5.905" classname="testCases.TechnicalAssessment"/>
  <testcase name="test6" time="0.292" classname="testCases.TechnicalAssessment"/>
</testsuite> <!-- TechnicalAssessmentTest -->
