<?xml version="1.0" encoding="UTF-8"?>
<!-- Generated by org.testng.reporters.JUnitXMLReporter -->
<testsuite hostname="HMECL003738" ignored="1" name="Test" tests="6" failures="0" timestamp="26 Aug 2022 07:35:55 GMT" time="4.307" errors="0">
  <testcase name="test1" time="0.594" classname="testCases.TechnicalAssessment"/>
  <testcase name="test2" time="0.269" classname="testCases.TechnicalAssessment"/>
  <testcase name="test3" time="0.3" classname="testCases.TechnicalAssessment"/>
  <testcase name="test4" time="0.155" classname="testCases.TechnicalAssessment"/>
  <testcase name="test5" time="2.442" classname="testCases.TechnicalAssessment"/>
  <testcase name="test6" time="0.472" classname="testCases.TechnicalAssessment"/>
  <testcase name="@BeforeSuite setup" time="0.0" classname="basePackage.TestBase">
    <ignored/>
  </testcase> <!-- @BeforeSuite setup -->
</testsuite> <!-- Test -->
